<?xml version="1.0" encoding="UTF-8"?>
<coverage generated="1650716958983" clover="3.2.0">
  <project timestamp="1650716958983" name="All files">
    <metrics statements="31" coveredstatements="13" conditionals="8" coveredconditionals="3" methods="8" coveredmethods="4" elements="47" coveredelements="20" complexity="0" loc="31" ncloc="31" packages="1" files="2" classes="2"/>
    <file name="button_logic.js" path="/home/lukasz/projects/calculator/js/button_logic.js">
      <metrics statements="24" coveredstatements="6" conditionals="6" coveredconditionals="2" methods="5" coveredmethods="1"/>
      <line num="8" count="1" type="stmt"/>
      <line num="9" count="0" type="stmt"/>
      <line num="10" count="0" type="stmt"/>
      <line num="11" count="0" type="stmt"/>
      <line num="22" count="1" type="stmt"/>
      <line num="23" count="0" type="cond" truecount="0" falsecount="2"/>
      <line num="24" count="0" type="stmt"/>
      <line num="25" count="0" type="stmt"/>
      <line num="26" count="0" type="stmt"/>
      <line num="28" count="0" type="stmt"/>
      <line num="37" count="1" type="stmt"/>
      <line num="38" count="0" type="stmt"/>
      <line num="39" count="0" type="stmt"/>
      <line num="40" count="0" type="stmt"/>
      <line num="45" count="0" type="stmt"/>
      <line num="56" count="1" type="stmt"/>
      <line num="57" count="3" type="cond" truecount="2" falsecount="2"/>
      <line num="58" count="0" type="stmt"/>
      <line num="60" count="0" type="stmt"/>
      <line num="62" count="0" type="stmt"/>
      <line num="64" count="0" type="stmt"/>
      <line num="66" count="0" type="stmt"/>
      <line num="69" count="1" type="stmt"/>
      <line num="70" count="0" type="stmt"/>
    </file>
    <file name="helpers.js" path="/home/lukasz/projects/calculator/js/helpers.js">
      <metrics statements="7" coveredstatements="7" conditionals="2" coveredconditionals="1" methods="3" coveredmethods="3"/>
      <line num="10" count="5" type="stmt"/>
      <line num="11" count="5" type="stmt"/>
      <line num="12" count="5" type="stmt"/>
      <line num="23" count="2" type="cond" truecount="1" falsecount="1"/>
      <line num="35" count="1" type="stmt"/>
      <line num="36" count="4" type="stmt"/>
      <line num="37" count="4" type="stmt"/>
    </file>
  </project>
</coverage>
