{"/home/lukasz/projects/calculator/js/button_logic.js": {"path":"/home/lukasz/projects/calculator/js/button_logic.js","statementMap":{"0":{"start":{"line":8,"column":28},"end":{"line":12,"column":1}},"1":{"start":{"line":9,"column":2},"end":{"line":9,"column":29}},"2":{"start":{"line":10,"column":2},"end":{"line":10,"column":30}},"3":{"start":{"line":11,"column":2},"end":{"line":11,"column":24}},"4":{"start":{"line":22,"column":29},"end":{"line":29,"column":3}},"5":{"start":{"line":23,"column":2},"end":{"line":27,"column":3}},"6":{"start":{"line":24,"column":17},"end":{"line":24,"column":46}},"7":{"start":{"line":25,"column":4},"end":{"line":25,"column":21}},"8":{"start":{"line":26,"column":4},"end":{"line":26,"column":46}},"9":{"start":{"line":28,"column":2},"end":{"line":28,"column":24}},"10":{"start":{"line":37,"column":33},"end":{"line":46,"column":3}},"11":{"start":{"line":38,"column":4},"end":{"line":38,"column":48}},"12":{"start":{"line":39,"column":4},"end":{"line":39,"column":58}},"13":{"start":{"line":40,"column":4},"end":{"line":40,"column":55}},"14":{"start":{"line":45,"column":4},"end":{"line":45,"column":26}},"15":{"start":{"line":56,"column":30},"end":{"line":67,"column":3}},"16":{"start":{"line":57,"column":6},"end":{"line":65,"column":7}},"17":{"start":{"line":58,"column":16},"end":{"line":58,"column":56}},"18":{"start":{"line":60,"column":8},"end":{"line":60,"column":68}},"19":{"start":{"line":62,"column":21},"end":{"line":62,"column":34}},"20":{"start":{"line":64,"column":8},"end":{"line":64,"column":51}},"21":{"start":{"line":66,"column":6},"end":{"line":66,"column":28}},"22":{"start":{"line":69,"column":27},"end":{"line":71,"column":3}},"23":{"start":{"line":70,"column":4},"end":{"line":70,"column":26}}},"fnMap":{"0":{"name":"(anonymous_0)","decl":{"start":{"line":8,"column":28},"end":{"line":8,"column":29}},"loc":{"start":{"line":8,"column":46},"end":{"line":12,"column":1}},"line":8},"1":{"name":"(anonymous_1)","decl":{"start":{"line":22,"column":29},"end":{"line":22,"column":30}},"loc":{"start":{"line":22,"column":47},"end":{"line":29,"column":3}},"line":22},"2":{"name":"(anonymous_2)","decl":{"start":{"line":37,"column":33},"end":{"line":37,"column":34}},"loc":{"start":{"line":37,"column":56},"end":{"line":46,"column":3}},"line":37},"3":{"name":"(anonymous_3)","decl":{"start":{"line":56,"column":30},"end":{"line":56,"column":31}},"loc":{"start":{"line":56,"column":48},"end":{"line":67,"column":3}},"line":56},"4":{"name":"(anonymous_4)","decl":{"start":{"line":69,"column":27},"end":{"line":69,"column":28}},"loc":{"start":{"line":69,"column":45},"end":{"line":71,"column":3}},"line":69}},"branchMap":{"0":{"loc":{"start":{"line":23,"column":2},"end":{"line":27,"column":3}},"type":"if","locations":[{"start":{"line":23,"column":2},"end":{"line":27,"column":3}},{"start":{},"end":{}}],"line":23},"1":{"loc":{"start":{"line":57,"column":6},"end":{"line":65,"column":7}},"type":"if","locations":[{"start":{"line":57,"column":6},"end":{"line":65,"column":7}},{"start":{},"end":{}}],"line":57},"2":{"loc":{"start":{"line":57,"column":9},"end":{"line":57,"column":66}},"type":"binary-expr","locations":[{"start":{"line":57,"column":9},"end":{"line":57,"column":30}},{"start":{"line":57,"column":34},"end":{"line":57,"column":66}}],"line":57}},"s":{"0":1,"1":0,"2":0,"3":0,"4":1,"5":0,"6":0,"7":0,"8":0,"9":0,"10":1,"11":0,"12":0,"13":0,"14":0,"15":1,"16":3,"17":0,"18":0,"19":0,"20":0,"21":0,"22":1,"23":0},"f":{"0":0,"1":0,"2":0,"3":3,"4":0},"b":{"0":[0,0],"1":[0,0],"2":[3,3]},"_coverageSchema":"1a1c01bbd47fc00a2c39e90264f33305004495a9","hash":"706274846080f8815c1f76ba8f96d568fb372ac7"}
,"/home/lukasz/projects/calculator/js/helpers.js": {"path":"/home/lukasz/projects/calculator/js/helpers.js","statementMap":{"0":{"start":{"line":10,"column":2},"end":{"line":10,"column":34}},"1":{"start":{"line":11,"column":2},"end":{"line":11,"column":36}},"2":{"start":{"line":12,"column":2},"end":{"line":12,"column":14}},"3":{"start":{"line":23,"column":2},"end":{"line":23,"column":46}},"4":{"start":{"line":35,"column":30},"end":{"line":38,"column":1}},"5":{"start":{"line":36,"column":17},"end":{"line":36,"column":34}},"6":{"start":{"line":37,"column":2},"end":{"line":37,"column":25}}},"fnMap":{"0":{"name":"CalculatorData","decl":{"start":{"line":9,"column":16},"end":{"line":9,"column":30}},"loc":{"start":{"line":9,"column":69},"end":{"line":13,"column":1}},"line":9},"1":{"name":"isNumeric","decl":{"start":{"line":22,"column":16},"end":{"line":22,"column":25}},"loc":{"start":{"line":22,"column":29},"end":{"line":24,"column":1}},"line":22},"2":{"name":"(anonymous_2)","decl":{"start":{"line":35,"column":30},"end":{"line":35,"column":31}},"loc":{"start":{"line":35,"column":35},"end":{"line":38,"column":1}},"line":35}},"branchMap":{"0":{"loc":{"start":{"line":23,"column":9},"end":{"line":23,"column":45}},"type":"binary-expr","locations":[{"start":{"line":23,"column":9},"end":{"line":23,"column":30}},{"start":{"line":23,"column":34},"end":{"line":23,"column":45}}],"line":23}},"s":{"0":5,"1":5,"2":5,"3":2,"4":1,"5":4,"6":4},"f":{"0":5,"1":2,"2":4},"b":{"0":[2,0]},"_coverageSchema":"1a1c01bbd47fc00a2c39e90264f33305004495a9","hash":"53e68dbb74b12cc96eaf941053af6c33c4b9a300"}
}
