{"/home/lukasz/projects/calculator/js/buttons.js": {"path":"/home/lukasz/projects/calculator/js/buttons.js","statementMap":{"0":{"start":{"line":1,"column":13},"end":{"line":1,"column":51}},"1":{"start":{"line":2,"column":15},"end":{"line":2,"column":59}},"2":{"start":{"line":7,"column":19},"end":{"line":7,"column":21}},"3":{"start":{"line":11,"column":11},"end":{"line":11,"column":22}},"4":{"start":{"line":22,"column":23},"end":{"line":26,"column":1}},"5":{"start":{"line":23,"column":17},"end":{"line":23,"column":34}},"6":{"start":{"line":24,"column":18},"end":{"line":24,"column":27}},"7":{"start":{"line":25,"column":2},"end":{"line":25,"column":25}},"8":{"start":{"line":36,"column":2},"end":{"line":36,"column":46}},"9":{"start":{"line":40,"column":0},"end":{"line":146,"column":3}},"10":{"start":{"line":41,"column":4},"end":{"line":144,"column":8}},"11":{"start":{"line":42,"column":6},"end":{"line":101,"column":7}},"12":{"start":{"line":44,"column":10},"end":{"line":44,"column":32}},"13":{"start":{"line":45,"column":10},"end":{"line":45,"column":28}},"14":{"start":{"line":46,"column":10},"end":{"line":46,"column":16}},"15":{"start":{"line":48,"column":10},"end":{"line":52,"column":11}},"16":{"start":{"line":49,"column":25},"end":{"line":49,"column":49}},"17":{"start":{"line":50,"column":12},"end":{"line":50,"column":29}},"18":{"start":{"line":51,"column":12},"end":{"line":51,"column":49}},"19":{"start":{"line":53,"column":10},"end":{"line":53,"column":16}},"20":{"start":{"line":55,"column":10},"end":{"line":55,"column":44}},"21":{"start":{"line":56,"column":10},"end":{"line":56,"column":36}},"22":{"start":{"line":57,"column":10},"end":{"line":65,"column":11}},"23":{"start":{"line":58,"column":21},"end":{"line":58,"column":43}},"24":{"start":{"line":59,"column":12},"end":{"line":59,"column":95}},"25":{"start":{"line":60,"column":12},"end":{"line":60,"column":48}},"26":{"start":{"line":63,"column":12},"end":{"line":63,"column":56}},"27":{"start":{"line":64,"column":12},"end":{"line":64,"column":48}},"28":{"start":{"line":66,"column":10},"end":{"line":66,"column":36}},"29":{"start":{"line":67,"column":10},"end":{"line":67,"column":16}},"30":{"start":{"line":77,"column":10},"end":{"line":77,"column":50}},"31":{"start":{"line":78,"column":30},"end":{"line":78,"column":61}},"32":{"start":{"line":80,"column":10},"end":{"line":80,"column":74}},"33":{"start":{"line":81,"column":10},"end":{"line":81,"column":46}},"34":{"start":{"line":82,"column":10},"end":{"line":82,"column":36}},"35":{"start":{"line":83,"column":10},"end":{"line":83,"column":16}},"36":{"start":{"line":85,"column":10},"end":{"line":90,"column":11}},"37":{"start":{"line":86,"column":20},"end":{"line":86,"column":55}},"38":{"start":{"line":87,"column":12},"end":{"line":87,"column":64}},"39":{"start":{"line":88,"column":12},"end":{"line":88,"column":35}},"40":{"start":{"line":89,"column":12},"end":{"line":89,"column":50}},"41":{"start":{"line":91,"column":10},"end":{"line":91,"column":16}},"42":{"start":{"line":97,"column":10},"end":{"line":97,"column":49}},"43":{"start":{"line":98,"column":10},"end":{"line":98,"column":44}},"44":{"start":{"line":99,"column":10},"end":{"line":99,"column":36}},"45":{"start":{"line":100,"column":10},"end":{"line":100,"column":16}},"46":{"start":{"line":147,"column":0},"end":{"line":150,"column":2}}},"fnMap":{"0":{"name":"(anonymous_0)","decl":{"start":{"line":22,"column":23},"end":{"line":22,"column":24}},"loc":{"start":{"line":22,"column":28},"end":{"line":26,"column":1}},"line":22},"1":{"name":"isNumeric","decl":{"start":{"line":35,"column":9},"end":{"line":35,"column":18}},"loc":{"start":{"line":35,"column":22},"end":{"line":37,"column":1}},"line":35},"2":{"name":"(anonymous_2)","decl":{"start":{"line":40,"column":25},"end":{"line":40,"column":26}},"loc":{"start":{"line":40,"column":34},"end":{"line":146,"column":1}},"line":40},"3":{"name":"(anonymous_3)","decl":{"start":{"line":41,"column":36},"end":{"line":41,"column":37}},"loc":{"start":{"line":41,"column":43},"end":{"line":144,"column":5}},"line":41}},"branchMap":{"0":{"loc":{"start":{"line":36,"column":9},"end":{"line":36,"column":45}},"type":"binary-expr","locations":[{"start":{"line":36,"column":9},"end":{"line":36,"column":30}},{"start":{"line":36,"column":34},"end":{"line":36,"column":45}}],"line":36},"1":{"loc":{"start":{"line":42,"column":6},"end":{"line":101,"column":7}},"type":"switch","locations":[{"start":{"line":43,"column":8},"end":{"line":46,"column":16}},{"start":{"line":47,"column":8},"end":{"line":53,"column":16}},{"start":{"line":54,"column":8},"end":{"line":67,"column":16}},{"start":{"line":68,"column":8},"end":{"line":83,"column":16}},{"start":{"line":84,"column":8},"end":{"line":91,"column":16}},{"start":{"line":92,"column":8},"end":{"line":92,"column":17}},{"start":{"line":93,"column":8},"end":{"line":93,"column":17}},{"start":{"line":94,"column":8},"end":{"line":94,"column":17}},{"start":{"line":95,"column":8},"end":{"line":95,"column":17}},{"start":{"line":96,"column":8},"end":{"line":100,"column":16}}],"line":42},"2":{"loc":{"start":{"line":48,"column":10},"end":{"line":52,"column":11}},"type":"if","locations":[{"start":{"line":48,"column":10},"end":{"line":52,"column":11}},{"start":{},"end":{}}],"line":48},"3":{"loc":{"start":{"line":48,"column":13},"end":{"line":48,"column":70}},"type":"binary-expr","locations":[{"start":{"line":48,"column":14},"end":{"line":48,"column":38}},{"start":{"line":48,"column":42},"end":{"line":48,"column":69}}],"line":48},"4":{"loc":{"start":{"line":57,"column":10},"end":{"line":65,"column":11}},"type":"if","locations":[{"start":{"line":57,"column":10},"end":{"line":65,"column":11}},{"start":{"line":62,"column":15},"end":{"line":65,"column":11}}],"line":57},"5":{"loc":{"start":{"line":85,"column":10},"end":{"line":90,"column":11}},"type":"if","locations":[{"start":{"line":85,"column":10},"end":{"line":90,"column":11}},{"start":{},"end":{}}],"line":85},"6":{"loc":{"start":{"line":85,"column":13},"end":{"line":85,"column":62}},"type":"binary-expr","locations":[{"start":{"line":85,"column":13},"end":{"line":85,"column":29}},{"start":{"line":85,"column":33},"end":{"line":85,"column":62}}],"line":85}},"s":{"0":1,"1":1,"2":1,"3":1,"4":1,"5":4,"6":4,"7":4,"8":0,"9":1,"10":0,"11":0,"12":0,"13":0,"14":0,"15":0,"16":0,"17":0,"18":0,"19":0,"20":0,"21":0,"22":0,"23":0,"24":0,"25":0,"26":0,"27":0,"28":0,"29":0,"30":0,"31":0,"32":0,"33":0,"34":0,"35":0,"36":0,"37":0,"38":0,"39":0,"40":0,"41":0,"42":0,"43":0,"44":0,"45":0,"46":1},"f":{"0":4,"1":0,"2":0,"3":0},"b":{"0":[0,0],"1":[0,0,0,0,0,0,0,0,0,0],"2":[0,0],"3":[0,0],"4":[0,0],"5":[0,0],"6":[0,0]},"_coverageSchema":"1a1c01bbd47fc00a2c39e90264f33305004495a9","hash":"9ef10a85ad0c4d951c27001920eb58612da4ceef"}
}
