TN:
SF:js/button_logic.js
FN:8,(anonymous_0)
FN:22,(anonymous_1)
FN:37,(anonymous_2)
FN:56,(anonymous_3)
FN:69,(anonymous_4)
FNF:5
FNH:1
FNDA:0,(anonymous_0)
FNDA:0,(anonymous_1)
FNDA:0,(anonymous_2)
FNDA:3,(anonymous_3)
FNDA:0,(anonymous_4)
DA:8,1
DA:9,0
DA:10,0
DA:11,0
DA:22,1
DA:23,0
DA:24,0
DA:25,0
DA:26,0
DA:28,0
DA:37,1
DA:38,0
DA:39,0
DA:40,0
DA:45,0
DA:56,1
DA:57,3
DA:58,0
DA:60,0
DA:62,0
DA:64,0
DA:66,0
DA:69,1
DA:70,0
LF:24
LH:6
BRDA:23,0,0,0
BRDA:23,0,1,0
BRDA:57,1,0,0
BRDA:57,1,1,0
BRDA:57,2,0,3
BRDA:57,2,1,3
BRF:6
BRH:2
end_of_record
TN:
SF:js/helpers.js
FN:9,CalculatorData
FN:22,isNumeric
FN:35,(anonymous_2)
FNF:3
FNH:3
FNDA:5,CalculatorData
FNDA:2,isNumeric
FNDA:4,(anonymous_2)
DA:10,5
DA:11,5
DA:12,5
DA:23,2
DA:35,1
DA:36,4
DA:37,4
LF:7
LH:7
BRDA:23,0,0,2
BRDA:23,0,1,0
BRF:2
BRH:1
end_of_record
